<html>
<body>
<pre>
<h1>µVision Build Log</h1>
<h2>Project:</h2>
C:\445M\Lab2\UARTInts.uvproj
Project File Date:  02/09/2016

<h2>Output:</h2>
Rebuild target 'UARTInts'
compiling PLL.c...
compiling OS.c...
compiling Lab2.c...
assembling startup.s...
assembling OSasm.s...
linking...
Program Size: Code=1964 RO-data=32 RW-data=60 ZI-data=2708  
".\UARTInts.axf" - 0 Error(s), 0 Warning(s).
Load "C:\\445M\\Lab2\\UARTInts.axf" 
Connecting: Mode=JTAG, Speed=1000000Hz
Erase Done.
Programming Done.
Verify OK.
</pre>
</body>
</html>
 cancelled. Debugger aborted !
Load "C:\\445M\\Lab2\\UARTInts.axf" 
Connecting: Mode=JTAG, Speed=1000000Hz
Erase Done.
Programming Done.
Verify OK.
\\UARTInts.axf" 
Connecting: Mode=JTAG, Speed=1000000Hz
Erase Done.
Programming Done.
Verify OK.
 OK.
ing and 2 error messages.
".\UARTInts.axf" - 2 Error(s), 1 Warning(s).
Target not created
Load "C:\\445M\\Lab2\\UARTInts.axf" 
_____^
*** error 56: cannot open file
Error: Flash Download failed  -  Could not load file 'C:\445M\Lab2\UARTInts.axf'
Load "C:\\445M\\Lab2\\UARTInts.axf" 
_____^
*** error 56: cannot open file
Error: Flash Download failed  -  Could not load file 'C:\445M\Lab2\UARTInts.axf'
Load "C:\\445M\\Lab2\\UARTInts.axf" 
_____^
*** error 56: cannot open file
Error: Flash Download failed  -  Could not load file 'C:\445M\Lab2\UARTInts.axf'
efined
    GPIO_PORTE_DEN_R |= 0x0F;     // enable digital I/O on PE3-0
Lab2.c(66): error:  #20: identifier "uint32_t" is undefined
    GPIO_PORTE_PCTL_R = ~0x0000FFFF;
Lab2.c(67): error:  #20: identifier "uint32_t" is undefined
    GPIO_PORTE_AMSEL_R &= ~0x0F;;      // disable analog functionality on PF
Lab2.c: 0 warnings, 13 errors
assembling startup.s...
compiling ST7735.c...
assembling OSasm.s...
".\UARTInts.axf" - 13 Error(s), 0 Warning(s).
Target not created
RTInts.axf: Error: L6218E: Undefined symbol cr4_fft_64_stm32 (referred from lab2.o).
Not enough information to list image symbols.
Finished: 1 information, 0 warning and 19 error messages.
".\UARTInts.axf" - 19 Error(s), 0 Warning(s).
Target not created
\UARTInts.axf" - 20 Error(s), 0 Warning(s).
Target not created
from lab2.o).
.\UARTInts.axf: Error: L6218E: Undefined symbol OS_Sleep (referred from lab2.o).
.\UARTInts.axf: Error: L6218E: Undefined symbol OS_Time (referred from lab2.o).
.\UARTInts.axf: Error: L6218E: Undefined symbol OS_TimeDifference (referred from lab2.o).
.\UARTInts.axf: Error: L6218E: Undefined symbol PID_stm32 (referred from lab2.o).
.\UARTInts.axf: Error: L6218E: Undefined symbol ST7735_Message (referred from lab2.o).
.\UARTInts.axf: Error: L6218E: Undefined symbol cr4_fft_64_stm32 (referred from lab2.o).
Not enough information to list image symbols.
Finished: 1 information, 0 warning and 20 error messages.
".\UARTInts.axf" - 20 Error(s), 6 Warning(s).
Target not created
essages.
".\UARTInts.axf" - 20 Error(s), 7 Warning(s).
Target not created
n to list image symbols.
Finished: 1 information, 1 warning and 30 error messages.
".\UARTInts.axf" - 30 Error(s), 1 Warning(s).
Target not created
_t g, uint8_t b);
ST7735.h(193): error:  #20: identifier "uint8_t" is undefined
  uint16_t ST7735_Color565(uint8_t r, uint8_t g, uint8_t b);
ST7735.h(193): error:  #20: identifier "uint8_t" is undefined
  uint16_t ST7735_Color565(uint8_t r, uint8_t g, uint8_t b);
ST7735.h(200): error:  #20: identifier "uint16_t" is undefined
  uint16_t ST7735_SwapColor(uint16_t x) ;
ST7735.h(200): error:  #20: identifier "uint16_t" is undefined
  uint16_t ST7735_SwapColor(uint16_t x) ;
ST7735.h(222): error:  #20: identifier "int16_t" is undefined
  void ST7735_DrawBitmap(int16_t x, int16_t y, const uint16_t *image, int16_t w, int16_t h);
ST7735.h(222): error:  #20: identifier "int16_t" is undefined
  void ST7735_DrawBitmap(int16_t x, int16_t y, const uint16_t *image, int16_t w, int16_t h);
ST7735.h(222): error:  #20: identifier "uint16_t" is undefined
  void ST7735_DrawBitmap(int16_t x, int16_t y, const uint16_t *image, int16_t w, int16_t h);
ST7735.h(222): error:  #20: identifier "int16_t" is undefined
  void ST7735_DrawBitmap(int16_t x, int16_t y, const uint16_t *image, int16_t w, int16_t h);
ST7735.h(222): error:  #20: identifier "int16_t" is undefined
  void ST7735_DrawBitmap(int16_t x, int16_t y, const uint16_t *image, int16_t w, int16_t h);
ST7735.h(239): error:  #20: identifier "int16_t" is undefined
  void ST7735_DrawCharS(int16_t x, int16_t y, char c, int16_t textColor, int16_t bgColor, uint8_t size);
ST7735.h(239): error:  #20: identifier "int16_t" is undefined
  void ST7735_DrawCharS(int16_t x, int16_t y, char c, int16_t textColor, int16_t bgColor, uint8_t size);
Lab2.c: 0 warnings, 30 errors
".\UARTInts.axf" - 32 Error(s), 0 Warning(s).
Target not created
pened: No such file or directory
".\UARTInts.axf" - 33 Error(s), 0 Warning(s).
Target not created
.
Target not created
